[2023-07-19 09:36:00] production.ERROR: No application encryption key has been specified. {"exception":"[object] (Illuminate\\Encryption\\MissingAppKeyException(code: 0): No application encryption key has been specified. at /opt/lampp/htdocs/PENGKAT-Pengaduan-Masyarakat/vendor/laravel/framework/src/Illuminate/Encryption/EncryptionServiceProvider.php:101)
[stacktrace]
#0 /opt/lampp/htdocs/PENGKAT-Pengaduan-Masyarakat/vendor/laravel/framework/src/Illuminate/Support/helpers.php(263): Illuminate\\Encryption\\EncryptionServiceProvider->Illuminate\\Encryption\\{closure}()
#1 /opt/lampp/htdocs/PENGKAT-Pengaduan-Masyarakat/vendor/laravel/framework/src/Illuminate/Encryption/EncryptionServiceProvider.php(103): tap()
#2 /opt/lampp/htdocs/PENGKAT-Pengaduan-Masyarakat/vendor/laravel/framework/src/Illuminate/Encryption/EncryptionServiceProvider.php(82): Illuminate\\Encryption\\EncryptionServiceProvider->key()
#3 /opt/lampp/htdocs/PENGKAT-Pengaduan-Masyarakat/vendor/laravel/framework/src/Illuminate/Encryption/EncryptionServiceProvider.php(34): Illuminate\\Encryption\\EncryptionServiceProvider->parseKey()
#4 /opt/lampp/htdocs/PENGKAT-Pengaduan-Masyarakat/vendor/laravel/framework/src/Illuminate/Container/Container.php(873): Illuminate\\Encryption\\EncryptionServiceProvider->Illuminate\\Encryption\\{closure}()
#5 /opt/lampp/htdocs/PENGKAT-Pengaduan-Masyarakat/vendor/laravel/framework/src/Illuminate/Container/Container.php(758): Illuminate\\Container\\Container->build()
#6 /opt/lampp/htdocs/PENGKAT-Pengaduan-Masyarakat/vendor/laravel/framework/src/Illuminate/Foundation/Application.php(851): Illuminate\\Container\\Container->resolve()
#7 /opt/lampp/htdocs/PENGKAT-Pengaduan-Masyarakat/vendor/laravel/framework/src/Illuminate/Container/Container.php(694): Illuminate\\Foundation\\Application->resolve()
#8 /opt/lampp/htdocs/PENGKAT-Pengaduan-Masyarakat/vendor/laravel/framework/src/Illuminate/Foundation/Application.php(836): Illuminate\\Container\\Container->make()
#9 /opt/lampp/htdocs/PENGKAT-Pengaduan-Masyarakat/vendor/laravel/framework/src/Illuminate/Container/Container.php(1027): Illuminate\\Foundation\\Application->make()
#10 /opt/lampp/htdocs/PENGKAT-Pengaduan-Masyarakat/vendor/laravel/framework/src/Illuminate/Container/Container.php(947): Illuminate\\Container\\Container->resolveClass()
#11 /opt/lampp/htdocs/PENGKAT-Pengaduan-Masyarakat/vendor/laravel/framework/src/Illuminate/Container/Container.php(908): Illuminate\\Container\\Container->resolveDependencies()
#12 /opt/lampp/htdocs/PENGKAT-Pengaduan-Masyarakat/vendor/laravel/framework/src/Illuminate/Container/Container.php(758): Illuminate\\Container\\Container->build()
#13 /opt/lampp/htdocs/PENGKAT-Pengaduan-Masyarakat/vendor/laravel/framework/src/Illuminate/Foundation/Application.php(851): Illuminate\\Container\\Container->resolve()
#14 /opt/lampp/htdocs/PENGKAT-Pengaduan-Masyarakat/vendor/laravel/framework/src/Illuminate/Container/Container.php(694): Illuminate\\Foundation\\Application->resolve()
#15 /opt/lampp/htdocs/PENGKAT-Pengaduan-Masyarakat/vendor/laravel/framework/src/Illuminate/Foundation/Application.php(836): Illuminate\\Container\\Container->make()
#16 /opt/lampp/htdocs/PENGKAT-Pengaduan-Masyarakat/vendor/laravel/framework/src/Illuminate/Pipeline/Pipeline.php(156): Illuminate\\Foundation\\Application->make()
#17 /opt/lampp/htdocs/PENGKAT-Pengaduan-Masyarakat/vendor/laravel/framework/src/Illuminate/Pipeline/Pipeline.php(103): Illuminate\\Pipeline\\Pipeline->Illuminate\\Pipeline\\{closure}()
#18 /opt/lampp/htdocs/PENGKAT-Pengaduan-Masyarakat/vendor/laravel/framework/src/Illuminate/Routing/Router.php(723): Illuminate\\Pipeline\\Pipeline->then()
#19 /opt/lampp/htdocs/PENGKAT-Pengaduan-Masyarakat/vendor/laravel/framework/src/Illuminate/Routing/Router.php(698): Illuminate\\Routing\\Router->runRouteWithinStack()
#20 /opt/lampp/htdocs/PENGKAT-Pengaduan-Masyarakat/vendor/laravel/framework/src/Illuminate/Routing/Router.php(662): Illuminate\\Routing\\Router->runRoute()
#21 /opt/lampp/htdocs/PENGKAT-Pengaduan-Masyarakat/vendor/laravel/framework/src/Illuminate/Routing/Router.php(651): Illuminate\\Routing\\Router->dispatchToRoute()
#22 /opt/lampp/htdocs/PENGKAT-Pengaduan-Masyarakat/vendor/laravel/framework/src/Illuminate/Foundation/Http/Kernel.php(167): Illuminate\\Routing\\Router->dispatch()
#23 /opt/lampp/htdocs/PENGKAT-Pengaduan-Masyarakat/vendor/laravel/framework/src/Illuminate/Pipeline/Pipeline.php(128): Illuminate\\Foundation\\Http\\Kernel->Illuminate\\Foundation\\Http\\{closure}()
#24 /opt/lampp/htdocs/PENGKAT-Pengaduan-Masyarakat/vendor/laravel/framework/src/Illuminate/Foundation/Http/Middleware/TransformsRequest.php(21): Illuminate\\Pipeline\\Pipeline->Illuminate\\Pipeline\\{closure}()
#25 /opt/lampp/htdocs/PENGKAT-Pengaduan-Masyarakat/vendor/laravel/framework/src/Illuminate/Foundation/Http/Middleware/ConvertEmptyStringsToNull.php(31): Illuminate\\Foundation\\Http\\Middleware\\TransformsRequest->handle()
#26 /opt/lampp/htdocs/PENGKAT-Pengaduan-Masyarakat/vendor/laravel/framework/src/Illuminate/Pipeline/Pipeline.php(167): Illuminate\\Foundation\\Http\\Middleware\\ConvertEmptyStringsToNull->handle()
#27 /opt/lampp/htdocs/PENGKAT-Pengaduan-Masyarakat/vendor/laravel/framework/src/Illuminate/Foundation/Http/Middleware/TransformsRequest.php(21): Illuminate\\Pipeline\\Pipeline->Illuminate\\Pipeline\\{closure}()
#28 /opt/lampp/htdocs/PENGKAT-Pengaduan-Masyarakat/vendor/laravel/framework/src/Illuminate/Foundation/Http/Middleware/TrimStrings.php(40): Illuminate\\Foundation\\Http\\Middleware\\TransformsRequest->handle()
#29 /opt/lampp/htdocs/PENGKAT-Pengaduan-Masyarakat/vendor/laravel/framework/src/Illuminate/Pipeline/Pipeline.php(167): Illuminate\\Foundation\\Http\\Middleware\\TrimStrings->handle()
#30 /opt/lampp/htdocs/PENGKAT-Pengaduan-Masyarakat/vendor/laravel/framework/src/Illuminate/Foundation/Http/Middleware/ValidatePostSize.php(27): Illuminate\\Pipeline\\Pipeline->Illuminate\\Pipeline\\{closure}()
#31 /opt/lampp/htdocs/PENGKAT-Pengaduan-Masyarakat/vendor/laravel/framework/src/Illuminate/Pipeline/Pipeline.php(167): Illuminate\\Foundation\\Http\\Middleware\\ValidatePostSize->handle()
#32 /opt/lampp/htdocs/PENGKAT-Pengaduan-Masyarakat/vendor/laravel/framework/src/Illuminate/Foundation/Http/Middleware/PreventRequestsDuringMaintenance.php(86): Illuminate\\Pipeline\\Pipeline->Illuminate\\Pipeline\\{closure}()
#33 /opt/lampp/htdocs/PENGKAT-Pengaduan-Masyarakat/vendor/laravel/framework/src/Illuminate/Pipeline/Pipeline.php(167): Illuminate\\Foundation\\Http\\Middleware\\PreventRequestsDuringMaintenance->handle()
#34 /opt/lampp/htdocs/PENGKAT-Pengaduan-Masyarakat/vendor/fruitcake/laravel-cors/src/HandleCors.php(38): Illuminate\\Pipeline\\Pipeline->Illuminate\\Pipeline\\{closure}()
#35 /opt/lampp/htdocs/PENGKAT-Pengaduan-Masyarakat/vendor/laravel/framework/src/Illuminate/Pipeline/Pipeline.php(167): Fruitcake\\Cors\\HandleCors->handle()
#36 /opt/lampp/htdocs/PENGKAT-Pengaduan-Masyarakat/vendor/fideloper/proxy/src/TrustProxies.php(57): Illuminate\\Pipeline\\Pipeline->Illuminate\\Pipeline\\{closure}()
#37 /opt/lampp/htdocs/PENGKAT-Pengaduan-Masyarakat/vendor/laravel/framework/src/Illuminate/Pipeline/Pipeline.php(167): Fideloper\\Proxy\\TrustProxies->handle()
#38 /opt/lampp/htdocs/PENGKAT-Pengaduan-Masyarakat/vendor/laravel/framework/src/Illuminate/Pipeline/Pipeline.php(103): Illuminate\\Pipeline\\Pipeline->Illuminate\\Pipeline\\{closure}()
#39 /opt/lampp/htdocs/PENGKAT-Pengaduan-Masyarakat/vendor/laravel/framework/src/Illuminate/Foundation/Http/Kernel.php(142): Illuminate\\Pipeline\\Pipeline->then()
#40 /opt/lampp/htdocs/PENGKAT-Pengaduan-Masyarakat/vendor/laravel/framework/src/Illuminate/Foundation/Http/Kernel.php(111): Illuminate\\Foundation\\Http\\Kernel->sendRequestThroughRouter()
#41 /opt/lampp/htdocs/PENGKAT-Pengaduan-Masyarakat/public/index.php(52): Illuminate\\Foundation\\Http\\Kernel->handle()
#42 /opt/lampp/htdocs/PENGKAT-Pengaduan-Masyarakat/server.php(21): require_once('...')
#43 {main}
"} 
[2023-07-19 09:36:00] production.ERROR: No application encryption key has been specified. {"exception":"[object] (Illuminate\\Encryption\\MissingAppKeyException(code: 0): No application encryption key has been specified. at /opt/lampp/htdocs/PENGKAT-Pengaduan-Masyarakat/vendor/laravel/framework/src/Illuminate/Encryption/EncryptionServiceProvider.php:101)
[stacktrace]
#0 /opt/lampp/htdocs/PENGKAT-Pengaduan-Masyarakat/vendor/laravel/framework/src/Illuminate/Support/helpers.php(263): Illuminate\\Encryption\\EncryptionServiceProvider->Illuminate\\Encryption\\{closure}()
#1 /opt/lampp/htdocs/PENGKAT-Pengaduan-Masyarakat/vendor/laravel/framework/src/Illuminate/Encryption/EncryptionServiceProvider.php(103): tap()
#2 /opt/lampp/htdocs/PENGKAT-Pengaduan-Masyarakat/vendor/laravel/framework/src/Illuminate/Encryption/EncryptionServiceProvider.php(82): Illuminate\\Encryption\\EncryptionServiceProvider->key()
#3 /opt/lampp/htdocs/PENGKAT-Pengaduan-Masyarakat/vendor/laravel/framework/src/Illuminate/Encryption/EncryptionServiceProvider.php(34): Illuminate\\Encryption\\EncryptionServiceProvider->parseKey()
#4 /opt/lampp/htdocs/PENGKAT-Pengaduan-Masyarakat/vendor/laravel/framework/src/Illuminate/Container/Container.php(873): Illuminate\\Encryption\\EncryptionServiceProvider->Illuminate\\Encryption\\{closure}()
#5 /opt/lampp/htdocs/PENGKAT-Pengaduan-Masyarakat/vendor/laravel/framework/src/Illuminate/Container/Container.php(758): Illuminate\\Container\\Container->build()
#6 /opt/lampp/htdocs/PENGKAT-Pengaduan-Masyarakat/vendor/laravel/framework/src/Illuminate/Foundation/Application.php(851): Illuminate\\Container\\Container->resolve()
#7 /opt/lampp/htdocs/PENGKAT-Pengaduan-Masyarakat/vendor/laravel/framework/src/Illuminate/Container/Container.php(694): Illuminate\\Foundation\\Application->resolve()
#8 /opt/lampp/htdocs/PENGKAT-Pengaduan-Masyarakat/vendor/laravel/framework/src/Illuminate/Foundation/Application.php(836): Illuminate\\Container\\Container->make()
#9 /opt/lampp/htdocs/PENGKAT-Pengaduan-Masyarakat/vendor/laravel/framework/src/Illuminate/Container/Container.php(1027): Illuminate\\Foundation\\Application->make()
#10 /opt/lampp/htdocs/PENGKAT-Pengaduan-Masyarakat/vendor/laravel/framework/src/Illuminate/Container/Container.php(947): Illuminate\\Container\\Container->resolveClass()
#11 /opt/lampp/htdocs/PENGKAT-Pengaduan-Masyarakat/vendor/laravel/framework/src/Illuminate/Container/Container.php(908): Illuminate\\Container\\Container->resolveDependencies()
#12 /opt/lampp/htdocs/PENGKAT-Pengaduan-Masyarakat/vendor/laravel/framework/src/Illuminate/Container/Container.php(758): Illuminate\\Container\\Container->build()
#13 /opt/lampp/htdocs/PENGKAT-Pengaduan-Masyarakat/vendor/laravel/framework/src/Illuminate/Foundation/Application.php(851): Illuminate\\Container\\Container->resolve()
#14 /opt/lampp/htdocs/PENGKAT-Pengaduan-Masyarakat/vendor/laravel/framework/src/Illuminate/Container/Container.php(694): Illuminate\\Foundation\\Application->resolve()
#15 /opt/lampp/htdocs/PENGKAT-Pengaduan-Masyarakat/vendor/laravel/framework/src/Illuminate/Foundation/Application.php(836): Illuminate\\Container\\Container->make()
#16 /opt/lampp/htdocs/PENGKAT-Pengaduan-Masyarakat/vendor/laravel/framework/src/Illuminate/Foundation/Http/Kernel.php(206): Illuminate\\Foundation\\Application->make()
#17 /opt/lampp/htdocs/PENGKAT-Pengaduan-Masyarakat/vendor/laravel/framework/src/Illuminate/Foundation/Http/Kernel.php(180): Illuminate\\Foundation\\Http\\Kernel->terminateMiddleware()
#18 /opt/lampp/htdocs/PENGKAT-Pengaduan-Masyarakat/public/index.php(55): Illuminate\\Foundation\\Http\\Kernel->terminate()
#19 /opt/lampp/htdocs/PENGKAT-Pengaduan-Masyarakat/server.php(21): require_once('...')
#20 {main}
"} 
[2023-07-19 09:37:02] local.ERROR: No application encryption key has been specified. {"exception":"[object] (Illuminate\\Encryption\\MissingAppKeyException(code: 0): No application encryption key has been specified. at /opt/lampp/htdocs/PENGKAT-Pengaduan-Masyarakat/vendor/laravel/framework/src/Illuminate/Encryption/EncryptionServiceProvider.php:101)
[stacktrace]
#0 /opt/lampp/htdocs/PENGKAT-Pengaduan-Masyarakat/vendor/laravel/framework/src/Illuminate/Support/helpers.php(263): Illuminate\\Encryption\\EncryptionServiceProvider->Illuminate\\Encryption\\{closure}()
#1 /opt/lampp/htdocs/PENGKAT-Pengaduan-Masyarakat/vendor/laravel/framework/src/Illuminate/Encryption/EncryptionServiceProvider.php(103): tap()
#2 /opt/lampp/htdocs/PENGKAT-Pengaduan-Masyarakat/vendor/laravel/framework/src/Illuminate/Encryption/EncryptionServiceProvider.php(82): Illuminate\\Encryption\\EncryptionServiceProvider->key()
#3 /opt/lampp/htdocs/PENGKAT-Pengaduan-Masyarakat/vendor/laravel/framework/src/Illuminate/Encryption/EncryptionServiceProvider.php(34): Illuminate\\Encryption\\EncryptionServiceProvider->parseKey()
#4 /opt/lampp/htdocs/PENGKAT-Pengaduan-Masyarakat/vendor/laravel/framework/src/Illuminate/Container/Container.php(873): Illuminate\\Encryption\\EncryptionServiceProvider->Illuminate\\Encryption\\{closure}()
#5 /opt/lampp/htdocs/PENGKAT-Pengaduan-Masyarakat/vendor/laravel/framework/src/Illuminate/Container/Container.php(758): Illuminate\\Container\\Container->build()
#6 /opt/lampp/htdocs/PENGKAT-Pengaduan-Masyarakat/vendor/laravel/framework/src/Illuminate/Foundation/Application.php(851): Illuminate\\Container\\Container->resolve()
#7 /opt/lampp/htdocs/PENGKAT-Pengaduan-Masyarakat/vendor/laravel/framework/src/Illuminate/Container/Container.php(694): Illuminate\\Foundation\\Application->resolve()
#8 /opt/lampp/htdocs/PENGKAT-Pengaduan-Masyarakat/vendor/laravel/framework/src/Illuminate/Foundation/Application.php(836): Illuminate\\Container\\Container->make()
#9 /opt/lampp/htdocs/PENGKAT-Pengaduan-Masyarakat/vendor/laravel/framework/src/Illuminate/Container/Container.php(1027): Illuminate\\Foundation\\Application->make()
#10 /opt/lampp/htdocs/PENGKAT-Pengaduan-Masyarakat/vendor/laravel/framework/src/Illuminate/Container/Container.php(947): Illuminate\\Container\\Container->resolveClass()
#11 /opt/lampp/htdocs/PENGKAT-Pengaduan-Masyarakat/vendor/laravel/framework/src/Illuminate/Container/Container.php(908): Illuminate\\Container\\Container->resolveDependencies()
#12 /opt/lampp/htdocs/PENGKAT-Pengaduan-Masyarakat/vendor/laravel/framework/src/Illuminate/Container/Container.php(758): Illuminate\\Container\\Container->build()
#13 /opt/lampp/htdocs/PENGKAT-Pengaduan-Masyarakat/vendor/laravel/framework/src/Illuminate/Foundation/Application.php(851): Illuminate\\Container\\Container->resolve()
#14 /opt/lampp/htdocs/PENGKAT-Pengaduan-Masyarakat/vendor/laravel/framework/src/Illuminate/Container/Container.php(694): Illuminate\\Foundation\\Application->resolve()
#15 /opt/lampp/htdocs/PENGKAT-Pengaduan-Masyarakat/vendor/laravel/framework/src/Illuminate/Foundation/Application.php(836): Illuminate\\Container\\Container->make()
#16 /opt/lampp/htdocs/PENGKAT-Pengaduan-Masyarakat/vendor/laravel/framework/src/Illuminate/Pipeline/Pipeline.php(156): Illuminate\\Foundation\\Application->make()
#17 /opt/lampp/htdocs/PENGKAT-Pengaduan-Masyarakat/vendor/laravel/framework/src/Illuminate/Pipeline/Pipeline.php(103): Illuminate\\Pipeline\\Pipeline->Illuminate\\Pipeline\\{closure}()
#18 /opt/lampp/htdocs/PENGKAT-Pengaduan-Masyarakat/vendor/laravel/framework/src/Illuminate/Routing/Router.php(723): Illuminate\\Pipeline\\Pipeline->then()
#19 /opt/lampp/htdocs/PENGKAT-Pengaduan-Masyarakat/vendor/laravel/framework/src/Illuminate/Routing/Router.php(698): Illuminate\\Routing\\Router->runRouteWithinStack()
#20 /opt/lampp/htdocs/PENGKAT-Pengaduan-Masyarakat/vendor/laravel/framework/src/Illuminate/Routing/Router.php(662): Illuminate\\Routing\\Router->runRoute()
#21 /opt/lampp/htdocs/PENGKAT-Pengaduan-Masyarakat/vendor/laravel/framework/src/Illuminate/Routing/Router.php(651): Illuminate\\Routing\\Router->dispatchToRoute()
#22 /opt/lampp/htdocs/PENGKAT-Pengaduan-Masyarakat/vendor/laravel/framework/src/Illuminate/Foundation/Http/Kernel.php(167): Illuminate\\Routing\\Router->dispatch()
#23 /opt/lampp/htdocs/PENGKAT-Pengaduan-Masyarakat/vendor/laravel/framework/src/Illuminate/Pipeline/Pipeline.php(128): Illuminate\\Foundation\\Http\\Kernel->Illuminate\\Foundation\\Http\\{closure}()
#24 /opt/lampp/htdocs/PENGKAT-Pengaduan-Masyarakat/vendor/laravel/framework/src/Illuminate/Foundation/Http/Middleware/TransformsRequest.php(21): Illuminate\\Pipeline\\Pipeline->Illuminate\\Pipeline\\{closure}()
#25 /opt/lampp/htdocs/PENGKAT-Pengaduan-Masyarakat/vendor/laravel/framework/src/Illuminate/Foundation/Http/Middleware/ConvertEmptyStringsToNull.php(31): Illuminate\\Foundation\\Http\\Middleware\\TransformsRequest->handle()
#26 /opt/lampp/htdocs/PENGKAT-Pengaduan-Masyarakat/vendor/laravel/framework/src/Illuminate/Pipeline/Pipeline.php(167): Illuminate\\Foundation\\Http\\Middleware\\ConvertEmptyStringsToNull->handle()
#27 /opt/lampp/htdocs/PENGKAT-Pengaduan-Masyarakat/vendor/laravel/framework/src/Illuminate/Foundation/Http/Middleware/TransformsRequest.php(21): Illuminate\\Pipeline\\Pipeline->Illuminate\\Pipeline\\{closure}()
#28 /opt/lampp/htdocs/PENGKAT-Pengaduan-Masyarakat/vendor/laravel/framework/src/Illuminate/Foundation/Http/Middleware/TrimStrings.php(40): Illuminate\\Foundation\\Http\\Middleware\\TransformsRequest->handle()
#29 /opt/lampp/htdocs/PENGKAT-Pengaduan-Masyarakat/vendor/laravel/framework/src/Illuminate/Pipeline/Pipeline.php(167): Illuminate\\Foundation\\Http\\Middleware\\TrimStrings->handle()
#30 /opt/lampp/htdocs/PENGKAT-Pengaduan-Masyarakat/vendor/laravel/framework/src/Illuminate/Foundation/Http/Middleware/ValidatePostSize.php(27): Illuminate\\Pipeline\\Pipeline->Illuminate\\Pipeline\\{closure}()
#31 /opt/lampp/htdocs/PENGKAT-Pengaduan-Masyarakat/vendor/laravel/framework/src/Illuminate/Pipeline/Pipeline.php(167): Illuminate\\Foundation\\Http\\Middleware\\ValidatePostSize->handle()
#32 /opt/lampp/htdocs/PENGKAT-Pengaduan-Masyarakat/vendor/laravel/framework/src/Illuminate/Foundation/Http/Middleware/PreventRequestsDuringMaintenance.php(86): Illuminate\\Pipeline\\Pipeline->Illuminate\\Pipeline\\{closure}()
#33 /opt/lampp/htdocs/PENGKAT-Pengaduan-Masyarakat/vendor/laravel/framework/src/Illuminate/Pipeline/Pipeline.php(167): Illuminate\\Foundation\\Http\\Middleware\\PreventRequestsDuringMaintenance->handle()
#34 /opt/lampp/htdocs/PENGKAT-Pengaduan-Masyarakat/vendor/fruitcake/laravel-cors/src/HandleCors.php(38): Illuminate\\Pipeline\\Pipeline->Illuminate\\Pipeline\\{closure}()
#35 /opt/lampp/htdocs/PENGKAT-Pengaduan-Masyarakat/vendor/laravel/framework/src/Illuminate/Pipeline/Pipeline.php(167): Fruitcake\\Cors\\HandleCors->handle()
#36 /opt/lampp/htdocs/PENGKAT-Pengaduan-Masyarakat/vendor/fideloper/proxy/src/TrustProxies.php(57): Illuminate\\Pipeline\\Pipeline->Illuminate\\Pipeline\\{closure}()
#37 /opt/lampp/htdocs/PENGKAT-Pengaduan-Masyarakat/vendor/laravel/framework/src/Illuminate/Pipeline/Pipeline.php(167): Fideloper\\Proxy\\TrustProxies->handle()
#38 /opt/lampp/htdocs/PENGKAT-Pengaduan-Masyarakat/vendor/laravel/framework/src/Illuminate/Pipeline/Pipeline.php(103): Illuminate\\Pipeline\\Pipeline->Illuminate\\Pipeline\\{closure}()
#39 /opt/lampp/htdocs/PENGKAT-Pengaduan-Masyarakat/vendor/laravel/framework/src/Illuminate/Foundation/Http/Kernel.php(142): Illuminate\\Pipeline\\Pipeline->then()
#40 /opt/lampp/htdocs/PENGKAT-Pengaduan-Masyarakat/vendor/laravel/framework/src/Illuminate/Foundation/Http/Kernel.php(111): Illuminate\\Foundation\\Http\\Kernel->sendRequestThroughRouter()
#41 /opt/lampp/htdocs/PENGKAT-Pengaduan-Masyarakat/public/index.php(52): Illuminate\\Foundation\\Http\\Kernel->handle()
#42 /opt/lampp/htdocs/PENGKAT-Pengaduan-Masyarakat/server.php(21): require_once('...')
#43 {main}
"} 
[2023-07-19 09:37:02] local.ERROR: No application encryption key has been specified. {"exception":"[object] (Illuminate\\Encryption\\MissingAppKeyException(code: 0): No application encryption key has been specified. at /opt/lampp/htdocs/PENGKAT-Pengaduan-Masyarakat/vendor/laravel/framework/src/Illuminate/Encryption/EncryptionServiceProvider.php:101)
[stacktrace]
#0 /opt/lampp/htdocs/PENGKAT-Pengaduan-Masyarakat/vendor/laravel/framework/src/Illuminate/Support/helpers.php(263): Illuminate\\Encryption\\EncryptionServiceProvider->Illuminate\\Encryption\\{closure}()
#1 /opt/lampp/htdocs/PENGKAT-Pengaduan-Masyarakat/vendor/laravel/framework/src/Illuminate/Encryption/EncryptionServiceProvider.php(103): tap()
#2 /opt/lampp/htdocs/PENGKAT-Pengaduan-Masyarakat/vendor/laravel/framework/src/Illuminate/Encryption/EncryptionServiceProvider.php(82): Illuminate\\Encryption\\EncryptionServiceProvider->key()
#3 /opt/lampp/htdocs/PENGKAT-Pengaduan-Masyarakat/vendor/laravel/framework/src/Illuminate/Encryption/EncryptionServiceProvider.php(34): Illuminate\\Encryption\\EncryptionServiceProvider->parseKey()
#4 /opt/lampp/htdocs/PENGKAT-Pengaduan-Masyarakat/vendor/laravel/framework/src/Illuminate/Container/Container.php(873): Illuminate\\Encryption\\EncryptionServiceProvider->Illuminate\\Encryption\\{closure}()
#5 /opt/lampp/htdocs/PENGKAT-Pengaduan-Masyarakat/vendor/laravel/framework/src/Illuminate/Container/Container.php(758): Illuminate\\Container\\Container->build()
#6 /opt/lampp/htdocs/PENGKAT-Pengaduan-Masyarakat/vendor/laravel/framework/src/Illuminate/Foundation/Application.php(851): Illuminate\\Container\\Container->resolve()
#7 /opt/lampp/htdocs/PENGKAT-Pengaduan-Masyarakat/vendor/laravel/framework/src/Illuminate/Container/Container.php(694): Illuminate\\Foundation\\Application->resolve()
#8 /opt/lampp/htdocs/PENGKAT-Pengaduan-Masyarakat/vendor/laravel/framework/src/Illuminate/Foundation/Application.php(836): Illuminate\\Container\\Container->make()
#9 /opt/lampp/htdocs/PENGKAT-Pengaduan-Masyarakat/vendor/laravel/framework/src/Illuminate/Container/Container.php(1027): Illuminate\\Foundation\\Application->make()
#10 /opt/lampp/htdocs/PENGKAT-Pengaduan-Masyarakat/vendor/laravel/framework/src/Illuminate/Container/Container.php(947): Illuminate\\Container\\Container->resolveClass()
#11 /opt/lampp/htdocs/PENGKAT-Pengaduan-Masyarakat/vendor/laravel/framework/src/Illuminate/Container/Container.php(908): Illuminate\\Container\\Container->resolveDependencies()
#12 /opt/lampp/htdocs/PENGKAT-Pengaduan-Masyarakat/vendor/laravel/framework/src/Illuminate/Container/Container.php(758): Illuminate\\Container\\Container->build()
#13 /opt/lampp/htdocs/PENGKAT-Pengaduan-Masyarakat/vendor/laravel/framework/src/Illuminate/Foundation/Application.php(851): Illuminate\\Container\\Container->resolve()
#14 /opt/lampp/htdocs/PENGKAT-Pengaduan-Masyarakat/vendor/laravel/framework/src/Illuminate/Container/Container.php(694): Illuminate\\Foundation\\Application->resolve()
#15 /opt/lampp/htdocs/PENGKAT-Pengaduan-Masyarakat/vendor/laravel/framework/src/Illuminate/Foundation/Application.php(836): Illuminate\\Container\\Container->make()
#16 /opt/lampp/htdocs/PENGKAT-Pengaduan-Masyarakat/vendor/laravel/framework/src/Illuminate/Foundation/Http/Kernel.php(206): Illuminate\\Foundation\\Application->make()
#17 /opt/lampp/htdocs/PENGKAT-Pengaduan-Masyarakat/vendor/laravel/framework/src/Illuminate/Foundation/Http/Kernel.php(180): Illuminate\\Foundation\\Http\\Kernel->terminateMiddleware()
#18 /opt/lampp/htdocs/PENGKAT-Pengaduan-Masyarakat/public/index.php(55): Illuminate\\Foundation\\Http\\Kernel->terminate()
#19 /opt/lampp/htdocs/PENGKAT-Pengaduan-Masyarakat/server.php(21): require_once('...')
#20 {main}
"} 
[2023-07-19 09:38:21] local.ERROR: SQLSTATE[HY000] [1049] Unknown database 'laravel' (SQL: select * from information_schema.tables where table_schema = laravel and table_name = migrations and table_type = 'BASE TABLE') {"exception":"[object] (Illuminate\\Database\\QueryException(code: 1049): SQLSTATE[HY000] [1049] Unknown database 'laravel' (SQL: select * from information_schema.tables where table_schema = laravel and table_name = migrations and table_type = 'BASE TABLE') at /opt/lampp/htdocs/PENGKAT-Pengaduan-Masyarakat/vendor/laravel/framework/src/Illuminate/Database/Connection.php:712)
[stacktrace]
#0 /opt/lampp/htdocs/PENGKAT-Pengaduan-Masyarakat/vendor/laravel/framework/src/Illuminate/Database/Connection.php(672): Illuminate\\Database\\Connection->runQueryCallback()
#1 /opt/lampp/htdocs/PENGKAT-Pengaduan-Masyarakat/vendor/laravel/framework/src/Illuminate/Database/Connection.php(376): Illuminate\\Database\\Connection->run()
#2 /opt/lampp/htdocs/PENGKAT-Pengaduan-Masyarakat/vendor/laravel/framework/src/Illuminate/Database/Schema/MySqlBuilder.php(44): Illuminate\\Database\\Connection->select()
#3 /opt/lampp/htdocs/PENGKAT-Pengaduan-Masyarakat/vendor/laravel/framework/src/Illuminate/Database/Migrations/DatabaseMigrationRepository.php(169): Illuminate\\Database\\Schema\\MySqlBuilder->hasTable()
#4 /opt/lampp/htdocs/PENGKAT-Pengaduan-Masyarakat/vendor/laravel/framework/src/Illuminate/Database/Migrations/Migrator.php(673): Illuminate\\Database\\Migrations\\DatabaseMigrationRepository->repositoryExists()
#5 /opt/lampp/htdocs/PENGKAT-Pengaduan-Masyarakat/vendor/laravel/framework/src/Illuminate/Database/Console/Migrations/MigrateCommand.php(110): Illuminate\\Database\\Migrations\\Migrator->repositoryExists()
#6 /opt/lampp/htdocs/PENGKAT-Pengaduan-Masyarakat/vendor/laravel/framework/src/Illuminate/Database/Console/Migrations/MigrateCommand.php(78): Illuminate\\Database\\Console\\Migrations\\MigrateCommand->prepareDatabase()
#7 /opt/lampp/htdocs/PENGKAT-Pengaduan-Masyarakat/vendor/laravel/framework/src/Illuminate/Database/Migrations/Migrator.php(606): Illuminate\\Database\\Console\\Migrations\\MigrateCommand->Illuminate\\Database\\Console\\Migrations\\{closure}()
#8 /opt/lampp/htdocs/PENGKAT-Pengaduan-Masyarakat/vendor/laravel/framework/src/Illuminate/Database/Console/Migrations/MigrateCommand.php(98): Illuminate\\Database\\Migrations\\Migrator->usingConnection()
#9 /opt/lampp/htdocs/PENGKAT-Pengaduan-Masyarakat/vendor/laravel/framework/src/Illuminate/Container/BoundMethod.php(36): Illuminate\\Database\\Console\\Migrations\\MigrateCommand->handle()
#10 /opt/lampp/htdocs/PENGKAT-Pengaduan-Masyarakat/vendor/laravel/framework/src/Illuminate/Container/Util.php(40): Illuminate\\Container\\BoundMethod::Illuminate\\Container\\{closure}()
#11 /opt/lampp/htdocs/PENGKAT-Pengaduan-Masyarakat/vendor/laravel/framework/src/Illuminate/Container/BoundMethod.php(93): Illuminate\\Container\\Util::unwrapIfClosure()
#12 /opt/lampp/htdocs/PENGKAT-Pengaduan-Masyarakat/vendor/laravel/framework/src/Illuminate/Container/BoundMethod.php(37): Illuminate\\Container\\BoundMethod::callBoundMethod()
#13 /opt/lampp/htdocs/PENGKAT-Pengaduan-Masyarakat/vendor/laravel/framework/src/Illuminate/Container/Container.php(653): Illuminate\\Container\\BoundMethod::call()
#14 /opt/lampp/htdocs/PENGKAT-Pengaduan-Masyarakat/vendor/laravel/framework/src/Illuminate/Console/Command.php(136): Illuminate\\Container\\Container->call()
#15 /opt/lampp/htdocs/PENGKAT-Pengaduan-Masyarakat/vendor/symfony/console/Command/Command.php(298): Illuminate\\Console\\Command->execute()
#16 /opt/lampp/htdocs/PENGKAT-Pengaduan-Masyarakat/vendor/laravel/framework/src/Illuminate/Console/Command.php(121): Symfony\\Component\\Console\\Command\\Command->run()
#17 /opt/lampp/htdocs/PENGKAT-Pengaduan-Masyarakat/vendor/symfony/console/Application.php(1040): Illuminate\\Console\\Command->run()
#18 /opt/lampp/htdocs/PENGKAT-Pengaduan-Masyarakat/vendor/symfony/console/Application.php(301): Symfony\\Component\\Console\\Application->doRunCommand()
#19 /opt/lampp/htdocs/PENGKAT-Pengaduan-Masyarakat/vendor/symfony/console/Application.php(171): Symfony\\Component\\Console\\Application->doRun()
#20 /opt/lampp/htdocs/PENGKAT-Pengaduan-Masyarakat/vendor/laravel/framework/src/Illuminate/Console/Application.php(94): Symfony\\Component\\Console\\Application->run()
#21 /opt/lampp/htdocs/PENGKAT-Pengaduan-Masyarakat/vendor/laravel/framework/src/Illuminate/Foundation/Console/Kernel.php(129): Illuminate\\Console\\Application->run()
#22 /opt/lampp/htdocs/PENGKAT-Pengaduan-Masyarakat/artisan(37): Illuminate\\Foundation\\Console\\Kernel->handle()
#23 {main}

[previous exception] [object] (PDOException(code: 1049): SQLSTATE[HY000] [1049] Unknown database 'laravel' at /opt/lampp/htdocs/PENGKAT-Pengaduan-Masyarakat/vendor/laravel/framework/src/Illuminate/Database/Connectors/Connector.php:70)
[stacktrace]
#0 /opt/lampp/htdocs/PENGKAT-Pengaduan-Masyarakat/vendor/laravel/framework/src/Illuminate/Database/Connectors/Connector.php(70): PDO->__construct()
#1 /opt/lampp/htdocs/PENGKAT-Pengaduan-Masyarakat/vendor/laravel/framework/src/Illuminate/Database/Connectors/Connector.php(46): Illuminate\\Database\\Connectors\\Connector->createPdoConnection()
#2 /opt/lampp/htdocs/PENGKAT-Pengaduan-Masyarakat/vendor/laravel/framework/src/Illuminate/Database/Connectors/MySqlConnector.php(24): Illuminate\\Database\\Connectors\\Connector->createConnection()
#3 /opt/lampp/htdocs/PENGKAT-Pengaduan-Masyarakat/vendor/laravel/framework/src/Illuminate/Database/Connectors/ConnectionFactory.php(184): Illuminate\\Database\\Connectors\\MySqlConnector->connect()
#4 [internal function]: Illuminate\\Database\\Connectors\\ConnectionFactory->Illuminate\\Database\\Connectors\\{closure}()
#5 /opt/lampp/htdocs/PENGKAT-Pengaduan-Masyarakat/vendor/laravel/framework/src/Illuminate/Database/Connection.php(1064): call_user_func()
#6 /opt/lampp/htdocs/PENGKAT-Pengaduan-Masyarakat/vendor/laravel/framework/src/Illuminate/Database/Connection.php(1100): Illuminate\\Database\\Connection->getPdo()
#7 /opt/lampp/htdocs/PENGKAT-Pengaduan-Masyarakat/vendor/laravel/framework/src/Illuminate/Database/Connection.php(442): Illuminate\\Database\\Connection->getReadPdo()
#8 /opt/lampp/htdocs/PENGKAT-Pengaduan-Masyarakat/vendor/laravel/framework/src/Illuminate/Database/Connection.php(368): Illuminate\\Database\\Connection->getPdoForSelect()
#9 /opt/lampp/htdocs/PENGKAT-Pengaduan-Masyarakat/vendor/laravel/framework/src/Illuminate/Database/Connection.php(705): Illuminate\\Database\\Connection->Illuminate\\Database\\{closure}()
#10 /opt/lampp/htdocs/PENGKAT-Pengaduan-Masyarakat/vendor/laravel/framework/src/Illuminate/Database/Connection.php(672): Illuminate\\Database\\Connection->runQueryCallback()
#11 /opt/lampp/htdocs/PENGKAT-Pengaduan-Masyarakat/vendor/laravel/framework/src/Illuminate/Database/Connection.php(376): Illuminate\\Database\\Connection->run()
#12 /opt/lampp/htdocs/PENGKAT-Pengaduan-Masyarakat/vendor/laravel/framework/src/Illuminate/Database/Schema/MySqlBuilder.php(44): Illuminate\\Database\\Connection->select()
#13 /opt/lampp/htdocs/PENGKAT-Pengaduan-Masyarakat/vendor/laravel/framework/src/Illuminate/Database/Migrations/DatabaseMigrationRepository.php(169): Illuminate\\Database\\Schema\\MySqlBuilder->hasTable()
#14 /opt/lampp/htdocs/PENGKAT-Pengaduan-Masyarakat/vendor/laravel/framework/src/Illuminate/Database/Migrations/Migrator.php(673): Illuminate\\Database\\Migrations\\DatabaseMigrationRepository->repositoryExists()
#15 /opt/lampp/htdocs/PENGKAT-Pengaduan-Masyarakat/vendor/laravel/framework/src/Illuminate/Database/Console/Migrations/MigrateCommand.php(110): Illuminate\\Database\\Migrations\\Migrator->repositoryExists()
#16 /opt/lampp/htdocs/PENGKAT-Pengaduan-Masyarakat/vendor/laravel/framework/src/Illuminate/Database/Console/Migrations/MigrateCommand.php(78): Illuminate\\Database\\Console\\Migrations\\MigrateCommand->prepareDatabase()
#17 /opt/lampp/htdocs/PENGKAT-Pengaduan-Masyarakat/vendor/laravel/framework/src/Illuminate/Database/Migrations/Migrator.php(606): Illuminate\\Database\\Console\\Migrations\\MigrateCommand->Illuminate\\Database\\Console\\Migrations\\{closure}()
#18 /opt/lampp/htdocs/PENGKAT-Pengaduan-Masyarakat/vendor/laravel/framework/src/Illuminate/Database/Console/Migrations/MigrateCommand.php(98): Illuminate\\Database\\Migrations\\Migrator->usingConnection()
#19 /opt/lampp/htdocs/PENGKAT-Pengaduan-Masyarakat/vendor/laravel/framework/src/Illuminate/Container/BoundMethod.php(36): Illuminate\\Database\\Console\\Migrations\\MigrateCommand->handle()
#20 /opt/lampp/htdocs/PENGKAT-Pengaduan-Masyarakat/vendor/laravel/framework/src/Illuminate/Container/Util.php(40): Illuminate\\Container\\BoundMethod::Illuminate\\Container\\{closure}()
#21 /opt/lampp/htdocs/PENGKAT-Pengaduan-Masyarakat/vendor/laravel/framework/src/Illuminate/Container/BoundMethod.php(93): Illuminate\\Container\\Util::unwrapIfClosure()
#22 /opt/lampp/htdocs/PENGKAT-Pengaduan-Masyarakat/vendor/laravel/framework/src/Illuminate/Container/BoundMethod.php(37): Illuminate\\Container\\BoundMethod::callBoundMethod()
#23 /opt/lampp/htdocs/PENGKAT-Pengaduan-Masyarakat/vendor/laravel/framework/src/Illuminate/Container/Container.php(653): Illuminate\\Container\\BoundMethod::call()
#24 /opt/lampp/htdocs/PENGKAT-Pengaduan-Masyarakat/vendor/laravel/framework/src/Illuminate/Console/Command.php(136): Illuminate\\Container\\Container->call()
#25 /opt/lampp/htdocs/PENGKAT-Pengaduan-Masyarakat/vendor/symfony/console/Command/Command.php(298): Illuminate\\Console\\Command->execute()
#26 /opt/lampp/htdocs/PENGKAT-Pengaduan-Masyarakat/vendor/laravel/framework/src/Illuminate/Console/Command.php(121): Symfony\\Component\\Console\\Command\\Command->run()
#27 /opt/lampp/htdocs/PENGKAT-Pengaduan-Masyarakat/vendor/symfony/console/Application.php(1040): Illuminate\\Console\\Command->run()
#28 /opt/lampp/htdocs/PENGKAT-Pengaduan-Masyarakat/vendor/symfony/console/Application.php(301): Symfony\\Component\\Console\\Application->doRunCommand()
#29 /opt/lampp/htdocs/PENGKAT-Pengaduan-Masyarakat/vendor/symfony/console/Application.php(171): Symfony\\Component\\Console\\Application->doRun()
#30 /opt/lampp/htdocs/PENGKAT-Pengaduan-Masyarakat/vendor/laravel/framework/src/Illuminate/Console/Application.php(94): Symfony\\Component\\Console\\Application->run()
#31 /opt/lampp/htdocs/PENGKAT-Pengaduan-Masyarakat/vendor/laravel/framework/src/Illuminate/Foundation/Console/Kernel.php(129): Illuminate\\Console\\Application->run()
#32 /opt/lampp/htdocs/PENGKAT-Pengaduan-Masyarakat/artisan(37): Illuminate\\Foundation\\Console\\Kernel->handle()
#33 {main}
"} 
[2023-07-19 09:38:38] local.ERROR: SQLSTATE[HY000] [1049] Unknown database 'laravel' (SQL: select * from information_schema.tables where table_schema = laravel and table_name = migrations and table_type = 'BASE TABLE') {"exception":"[object] (Illuminate\\Database\\QueryException(code: 1049): SQLSTATE[HY000] [1049] Unknown database 'laravel' (SQL: select * from information_schema.tables where table_schema = laravel and table_name = migrations and table_type = 'BASE TABLE') at /opt/lampp/htdocs/PENGKAT-Pengaduan-Masyarakat/vendor/laravel/framework/src/Illuminate/Database/Connection.php:712)
[stacktrace]
#0 /opt/lampp/htdocs/PENGKAT-Pengaduan-Masyarakat/vendor/laravel/framework/src/Illuminate/Database/Connection.php(672): Illuminate\\Database\\Connection->runQueryCallback()
#1 /opt/lampp/htdocs/PENGKAT-Pengaduan-Masyarakat/vendor/laravel/framework/src/Illuminate/Database/Connection.php(376): Illuminate\\Database\\Connection->run()
#2 /opt/lampp/htdocs/PENGKAT-Pengaduan-Masyarakat/vendor/laravel/framework/src/Illuminate/Database/Schema/MySqlBuilder.php(44): Illuminate\\Database\\Connection->select()
#3 /opt/lampp/htdocs/PENGKAT-Pengaduan-Masyarakat/vendor/laravel/framework/src/Illuminate/Database/Migrations/DatabaseMigrationRepository.php(169): Illuminate\\Database\\Schema\\MySqlBuilder->hasTable()
#4 /opt/lampp/htdocs/PENGKAT-Pengaduan-Masyarakat/vendor/laravel/framework/src/Illuminate/Database/Migrations/Migrator.php(673): Illuminate\\Database\\Migrations\\DatabaseMigrationRepository->repositoryExists()
#5 /opt/lampp/htdocs/PENGKAT-Pengaduan-Masyarakat/vendor/laravel/framework/src/Illuminate/Database/Console/Migrations/MigrateCommand.php(110): Illuminate\\Database\\Migrations\\Migrator->repositoryExists()
#6 /opt/lampp/htdocs/PENGKAT-Pengaduan-Masyarakat/vendor/laravel/framework/src/Illuminate/Database/Console/Migrations/MigrateCommand.php(78): Illuminate\\Database\\Console\\Migrations\\MigrateCommand->prepareDatabase()
#7 /opt/lampp/htdocs/PENGKAT-Pengaduan-Masyarakat/vendor/laravel/framework/src/Illuminate/Database/Migrations/Migrator.php(606): Illuminate\\Database\\Console\\Migrations\\MigrateCommand->Illuminate\\Database\\Console\\Migrations\\{closure}()
#8 /opt/lampp/htdocs/PENGKAT-Pengaduan-Masyarakat/vendor/laravel/framework/src/Illuminate/Database/Console/Migrations/MigrateCommand.php(98): Illuminate\\Database\\Migrations\\Migrator->usingConnection()
#9 /opt/lampp/htdocs/PENGKAT-Pengaduan-Masyarakat/vendor/laravel/framework/src/Illuminate/Container/BoundMethod.php(36): Illuminate\\Database\\Console\\Migrations\\MigrateCommand->handle()
#10 /opt/lampp/htdocs/PENGKAT-Pengaduan-Masyarakat/vendor/laravel/framework/src/Illuminate/Container/Util.php(40): Illuminate\\Container\\BoundMethod::Illuminate\\Container\\{closure}()
#11 /opt/lampp/htdocs/PENGKAT-Pengaduan-Masyarakat/vendor/laravel/framework/src/Illuminate/Container/BoundMethod.php(93): Illuminate\\Container\\Util::unwrapIfClosure()
#12 /opt/lampp/htdocs/PENGKAT-Pengaduan-Masyarakat/vendor/laravel/framework/src/Illuminate/Container/BoundMethod.php(37): Illuminate\\Container\\BoundMethod::callBoundMethod()
#13 /opt/lampp/htdocs/PENGKAT-Pengaduan-Masyarakat/vendor/laravel/framework/src/Illuminate/Container/Container.php(653): Illuminate\\Container\\BoundMethod::call()
#14 /opt/lampp/htdocs/PENGKAT-Pengaduan-Masyarakat/vendor/laravel/framework/src/Illuminate/Console/Command.php(136): Illuminate\\Container\\Container->call()
#15 /opt/lampp/htdocs/PENGKAT-Pengaduan-Masyarakat/vendor/symfony/console/Command/Command.php(298): Illuminate\\Console\\Command->execute()
#16 /opt/lampp/htdocs/PENGKAT-Pengaduan-Masyarakat/vendor/laravel/framework/src/Illuminate/Console/Command.php(121): Symfony\\Component\\Console\\Command\\Command->run()
#17 /opt/lampp/htdocs/PENGKAT-Pengaduan-Masyarakat/vendor/symfony/console/Application.php(1040): Illuminate\\Console\\Command->run()
#18 /opt/lampp/htdocs/PENGKAT-Pengaduan-Masyarakat/vendor/symfony/console/Application.php(301): Symfony\\Component\\Console\\Application->doRunCommand()
#19 /opt/lampp/htdocs/PENGKAT-Pengaduan-Masyarakat/vendor/symfony/console/Application.php(171): Symfony\\Component\\Console\\Application->doRun()
#20 /opt/lampp/htdocs/PENGKAT-Pengaduan-Masyarakat/vendor/laravel/framework/src/Illuminate/Console/Application.php(94): Symfony\\Component\\Console\\Application->run()
#21 /opt/lampp/htdocs/PENGKAT-Pengaduan-Masyarakat/vendor/laravel/framework/src/Illuminate/Foundation/Console/Kernel.php(129): Illuminate\\Console\\Application->run()
#22 /opt/lampp/htdocs/PENGKAT-Pengaduan-Masyarakat/artisan(37): Illuminate\\Foundation\\Console\\Kernel->handle()
#23 {main}

[previous exception] [object] (PDOException(code: 1049): SQLSTATE[HY000] [1049] Unknown database 'laravel' at /opt/lampp/htdocs/PENGKAT-Pengaduan-Masyarakat/vendor/laravel/framework/src/Illuminate/Database/Connectors/Connector.php:70)
[stacktrace]
#0 /opt/lampp/htdocs/PENGKAT-Pengaduan-Masyarakat/vendor/laravel/framework/src/Illuminate/Database/Connectors/Connector.php(70): PDO->__construct()
#1 /opt/lampp/htdocs/PENGKAT-Pengaduan-Masyarakat/vendor/laravel/framework/src/Illuminate/Database/Connectors/Connector.php(46): Illuminate\\Database\\Connectors\\Connector->createPdoConnection()
#2 /opt/lampp/htdocs/PENGKAT-Pengaduan-Masyarakat/vendor/laravel/framework/src/Illuminate/Database/Connectors/MySqlConnector.php(24): Illuminate\\Database\\Connectors\\Connector->createConnection()
#3 /opt/lampp/htdocs/PENGKAT-Pengaduan-Masyarakat/vendor/laravel/framework/src/Illuminate/Database/Connectors/ConnectionFactory.php(184): Illuminate\\Database\\Connectors\\MySqlConnector->connect()
#4 [internal function]: Illuminate\\Database\\Connectors\\ConnectionFactory->Illuminate\\Database\\Connectors\\{closure}()
#5 /opt/lampp/htdocs/PENGKAT-Pengaduan-Masyarakat/vendor/laravel/framework/src/Illuminate/Database/Connection.php(1064): call_user_func()
#6 /opt/lampp/htdocs/PENGKAT-Pengaduan-Masyarakat/vendor/laravel/framework/src/Illuminate/Database/Connection.php(1100): Illuminate\\Database\\Connection->getPdo()
#7 /opt/lampp/htdocs/PENGKAT-Pengaduan-Masyarakat/vendor/laravel/framework/src/Illuminate/Database/Connection.php(442): Illuminate\\Database\\Connection->getReadPdo()
#8 /opt/lampp/htdocs/PENGKAT-Pengaduan-Masyarakat/vendor/laravel/framework/src/Illuminate/Database/Connection.php(368): Illuminate\\Database\\Connection->getPdoForSelect()
#9 /opt/lampp/htdocs/PENGKAT-Pengaduan-Masyarakat/vendor/laravel/framework/src/Illuminate/Database/Connection.php(705): Illuminate\\Database\\Connection->Illuminate\\Database\\{closure}()
#10 /opt/lampp/htdocs/PENGKAT-Pengaduan-Masyarakat/vendor/laravel/framework/src/Illuminate/Database/Connection.php(672): Illuminate\\Database\\Connection->runQueryCallback()
#11 /opt/lampp/htdocs/PENGKAT-Pengaduan-Masyarakat/vendor/laravel/framework/src/Illuminate/Database/Connection.php(376): Illuminate\\Database\\Connection->run()
#12 /opt/lampp/htdocs/PENGKAT-Pengaduan-Masyarakat/vendor/laravel/framework/src/Illuminate/Database/Schema/MySqlBuilder.php(44): Illuminate\\Database\\Connection->select()
#13 /opt/lampp/htdocs/PENGKAT-Pengaduan-Masyarakat/vendor/laravel/framework/src/Illuminate/Database/Migrations/DatabaseMigrationRepository.php(169): Illuminate\\Database\\Schema\\MySqlBuilder->hasTable()
#14 /opt/lampp/htdocs/PENGKAT-Pengaduan-Masyarakat/vendor/laravel/framework/src/Illuminate/Database/Migrations/Migrator.php(673): Illuminate\\Database\\Migrations\\DatabaseMigrationRepository->repositoryExists()
#15 /opt/lampp/htdocs/PENGKAT-Pengaduan-Masyarakat/vendor/laravel/framework/src/Illuminate/Database/Console/Migrations/MigrateCommand.php(110): Illuminate\\Database\\Migrations\\Migrator->repositoryExists()
#16 /opt/lampp/htdocs/PENGKAT-Pengaduan-Masyarakat/vendor/laravel/framework/src/Illuminate/Database/Console/Migrations/MigrateCommand.php(78): Illuminate\\Database\\Console\\Migrations\\MigrateCommand->prepareDatabase()
#17 /opt/lampp/htdocs/PENGKAT-Pengaduan-Masyarakat/vendor/laravel/framework/src/Illuminate/Database/Migrations/Migrator.php(606): Illuminate\\Database\\Console\\Migrations\\MigrateCommand->Illuminate\\Database\\Console\\Migrations\\{closure}()
#18 /opt/lampp/htdocs/PENGKAT-Pengaduan-Masyarakat/vendor/laravel/framework/src/Illuminate/Database/Console/Migrations/MigrateCommand.php(98): Illuminate\\Database\\Migrations\\Migrator->usingConnection()
#19 /opt/lampp/htdocs/PENGKAT-Pengaduan-Masyarakat/vendor/laravel/framework/src/Illuminate/Container/BoundMethod.php(36): Illuminate\\Database\\Console\\Migrations\\MigrateCommand->handle()
#20 /opt/lampp/htdocs/PENGKAT-Pengaduan-Masyarakat/vendor/laravel/framework/src/Illuminate/Container/Util.php(40): Illuminate\\Container\\BoundMethod::Illuminate\\Container\\{closure}()
#21 /opt/lampp/htdocs/PENGKAT-Pengaduan-Masyarakat/vendor/laravel/framework/src/Illuminate/Container/BoundMethod.php(93): Illuminate\\Container\\Util::unwrapIfClosure()
#22 /opt/lampp/htdocs/PENGKAT-Pengaduan-Masyarakat/vendor/laravel/framework/src/Illuminate/Container/BoundMethod.php(37): Illuminate\\Container\\BoundMethod::callBoundMethod()
#23 /opt/lampp/htdocs/PENGKAT-Pengaduan-Masyarakat/vendor/laravel/framework/src/Illuminate/Container/Container.php(653): Illuminate\\Container\\BoundMethod::call()
#24 /opt/lampp/htdocs/PENGKAT-Pengaduan-Masyarakat/vendor/laravel/framework/src/Illuminate/Console/Command.php(136): Illuminate\\Container\\Container->call()
#25 /opt/lampp/htdocs/PENGKAT-Pengaduan-Masyarakat/vendor/symfony/console/Command/Command.php(298): Illuminate\\Console\\Command->execute()
#26 /opt/lampp/htdocs/PENGKAT-Pengaduan-Masyarakat/vendor/laravel/framework/src/Illuminate/Console/Command.php(121): Symfony\\Component\\Console\\Command\\Command->run()
#27 /opt/lampp/htdocs/PENGKAT-Pengaduan-Masyarakat/vendor/symfony/console/Application.php(1040): Illuminate\\Console\\Command->run()
#28 /opt/lampp/htdocs/PENGKAT-Pengaduan-Masyarakat/vendor/symfony/console/Application.php(301): Symfony\\Component\\Console\\Application->doRunCommand()
#29 /opt/lampp/htdocs/PENGKAT-Pengaduan-Masyarakat/vendor/symfony/console/Application.php(171): Symfony\\Component\\Console\\Application->doRun()
#30 /opt/lampp/htdocs/PENGKAT-Pengaduan-Masyarakat/vendor/laravel/framework/src/Illuminate/Console/Application.php(94): Symfony\\Component\\Console\\Application->run()
#31 /opt/lampp/htdocs/PENGKAT-Pengaduan-Masyarakat/vendor/laravel/framework/src/Illuminate/Foundation/Console/Kernel.php(129): Illuminate\\Console\\Application->run()
#32 /opt/lampp/htdocs/PENGKAT-Pengaduan-Masyarakat/artisan(37): Illuminate\\Foundation\\Console\\Kernel->handle()
#33 {main}
"} 
